{"C:\\Users\\ahouc\\Desktop\\linkhub-project\\linkhub-app\\src\\App.tsx": {"path":"C:\\Users\\ahouc\\Desktop\\linkhub-project\\linkhub-app\\src\\App.tsx","statementMap":{"0":{"start":{"line":9,"column":2},"end":{"line":26,"column":null}}},"fnMap":{"0":{"name":"App","decl":{"start":{"line":8,"column":9},"end":{"line":8,"column":15}},"loc":{"start":{"line":8,"column":15},"end":{"line":28,"column":null}},"line":8}},"branchMap":{},"s":{"0":4},"f":{"0":4},"b":{},"meta":{"lastBranch":0,"lastFunction":1,"lastStatement":1,"seen":{"f:8:9:8:15":0,"s:9:2:26:Infinity":0}}}
,"C:\\Users\\ahouc\\Desktop\\linkhub-project\\linkhub-app\\src\\config.ts": {"path":"C:\\Users\\ahouc\\Desktop\\linkhub-project\\linkhub-app\\src\\config.ts","statementMap":{"0":{"start":{"line":3,"column":2},"end":{"line":3,"column":null}},"1":{"start":{"line":8,"column":2},"end":{"line":8,"column":null}},"2":{"start":{"line":12,"column":31},"end":{"line":12,"column":null}}},"fnMap":{"0":{"name":"resolveApiUrl","decl":{"start":{"line":2,"column":33},"end":{"line":2,"column":null}},"loc":{"start":{"line":2,"column":33},"end":{"line":4,"column":null}},"line":2},"1":{"name":"getApiUrl","decl":{"start":{"line":7,"column":16},"end":{"line":7,"column":36}},"loc":{"start":{"line":7,"column":36},"end":{"line":9,"column":null}},"line":7}},"branchMap":{"0":{"loc":{"start":{"line":3,"column":9},"end":{"line":3,"column":null}},"type":"binary-expr","locations":[{"start":{"line":3,"column":9},"end":{"line":3,"column":41}},{"start":{"line":3,"column":41},"end":{"line":3,"column":null}}],"line":3}},"s":{"0":6,"1":2,"2":4},"f":{"0":6,"1":2},"b":{"0":[6,1]},"meta":{"lastBranch":1,"lastFunction":2,"lastStatement":3,"seen":{"f:2:33:2:Infinity":0,"s:3:2:3:Infinity":0,"b:3:9:3:41:3:41:3:Infinity":0,"f:7:16:7:36":1,"s:8:2:8:Infinity":1,"s:12:31:12:Infinity":2}}}
,"C:\\Users\\ahouc\\Desktop\\linkhub-project\\linkhub-app\\src\\components\\ProtectedRoute.tsx": {"path":"C:\\Users\\ahouc\\Desktop\\linkhub-project\\linkhub-app\\src\\components\\ProtectedRoute.tsx","statementMap":{"0":{"start":{"line":5,"column":16},"end":{"line":5,"column":null}},"1":{"start":{"line":8,"column":2},"end":{"line":10,"column":null}},"2":{"start":{"line":9,"column":4},"end":{"line":9,"column":null}},"3":{"start":{"line":13,"column":2},"end":{"line":13,"column":null}}},"fnMap":{"0":{"name":"ProtectedRoute","decl":{"start":{"line":4,"column":16},"end":{"line":4,"column":31}},"loc":{"start":{"line":4,"column":76},"end":{"line":14,"column":null}},"line":4}},"branchMap":{"0":{"loc":{"start":{"line":8,"column":2},"end":{"line":10,"column":null}},"type":"if","locations":[{"start":{"line":8,"column":2},"end":{"line":10,"column":null}},{"start":{},"end":{}}],"line":8},"1":{"loc":{"start":{"line":8,"column":6},"end":{"line":8,"column":39}},"type":"binary-expr","locations":[{"start":{"line":8,"column":6},"end":{"line":8,"column":16}},{"start":{"line":8,"column":16},"end":{"line":8,"column":39}}],"line":8}},"s":{"0":3,"1":3,"2":2,"3":1},"f":{"0":3},"b":{"0":[2,1],"1":[3,2]},"meta":{"lastBranch":2,"lastFunction":1,"lastStatement":4,"seen":{"f:4:16:4:31":0,"s:5:16:5:Infinity":0,"b:8:2:10:Infinity:undefined:undefined:undefined:undefined":0,"s:8:2:10:Infinity":1,"b:8:6:8:16:8:16:8:39":1,"s:9:4:9:Infinity":2,"s:13:2:13:Infinity":3}}}
,"C:\\Users\\ahouc\\Desktop\\linkhub-project\\linkhub-app\\src\\pages\\DashboardPage.tsx": {"path":"C:\\Users\\ahouc\\Desktop\\linkhub-project\\linkhub-app\\src\\pages\\DashboardPage.tsx","statementMap":{"0":{"start":{"line":14,"column":8},"end":{"line":14,"column":null}},"1":{"start":{"line":15,"column":24},"end":{"line":15,"column":null}},"2":{"start":{"line":16,"column":28},"end":{"line":16,"column":null}},"3":{"start":{"line":17,"column":24},"end":{"line":17,"column":null}},"4":{"start":{"line":19,"column":2},"end":{"line":62,"column":null}},"5":{"start":{"line":20,"column":23},"end":{"line":59,"column":null}},"6":{"start":{"line":21,"column":6},"end":{"line":21,"column":null}},"7":{"start":{"line":23,"column":20},"end":{"line":23,"column":null}},"8":{"start":{"line":24,"column":6},"end":{"line":24,"column":null}},"9":{"start":{"line":27,"column":6},"end":{"line":31,"column":null}},"10":{"start":{"line":28,"column":8},"end":{"line":28,"column":null}},"11":{"start":{"line":29,"column":8},"end":{"line":29,"column":null}},"12":{"start":{"line":30,"column":8},"end":{"line":30,"column":null}},"13":{"start":{"line":33,"column":6},"end":{"line":58,"column":null}},"14":{"start":{"line":34,"column":8},"end":{"line":34,"column":null}},"15":{"start":{"line":35,"column":8},"end":{"line":35,"column":null}},"16":{"start":{"line":37,"column":25},"end":{"line":41,"column":null}},"17":{"start":{"line":43,"column":8},"end":{"line":43,"column":null}},"18":{"start":{"line":44,"column":8},"end":{"line":44,"column":null}},"19":{"start":{"line":46,"column":8},"end":{"line":46,"column":null}},"20":{"start":{"line":48,"column":8},"end":{"line":54,"column":null}},"21":{"start":{"line":49,"column":10},"end":{"line":49,"column":null}},"22":{"start":{"line":50,"column":10},"end":{"line":50,"column":null}},"23":{"start":{"line":51,"column":10},"end":{"line":51,"column":null}},"24":{"start":{"line":53,"column":10},"end":{"line":53,"column":null}},"25":{"start":{"line":56,"column":8},"end":{"line":56,"column":null}},"26":{"start":{"line":57,"column":8},"end":{"line":57,"column":null}},"27":{"start":{"line":61,"column":4},"end":{"line":61,"column":null}},"28":{"start":{"line":64,"column":23},"end":{"line":67,"column":null}},"29":{"start":{"line":65,"column":4},"end":{"line":65,"column":null}},"30":{"start":{"line":66,"column":4},"end":{"line":66,"column":null}},"31":{"start":{"line":70,"column":2},"end":{"line":70,"column":null}},"32":{"start":{"line":70,"column":15},"end":{"line":70,"column":null}},"33":{"start":{"line":71,"column":2},"end":{"line":71,"column":null}},"34":{"start":{"line":71,"column":13},"end":{"line":71,"column":null}},"35":{"start":{"line":73,"column":2},"end":{"line":96,"column":null}},"36":{"start":{"line":81,"column":12},"end":{"line":86,"column":null}}},"fnMap":{"0":{"name":"DashboardPage","decl":{"start":{"line":13,"column":24},"end":{"line":13,"column":40}},"loc":{"start":{"line":13,"column":40},"end":{"line":98,"column":null}},"line":13},"1":{"name":"(anonymous_1)","decl":{"start":{"line":19,"column":12},"end":{"line":19,"column":18}},"loc":{"start":{"line":19,"column":18},"end":{"line":62,"column":5}},"line":19},"2":{"name":"(anonymous_2)","decl":{"start":{"line":20,"column":23},"end":{"line":20,"column":35}},"loc":{"start":{"line":20,"column":35},"end":{"line":59,"column":null}},"line":20},"3":{"name":"(anonymous_3)","decl":{"start":{"line":64,"column":23},"end":{"line":64,"column":29}},"loc":{"start":{"line":64,"column":29},"end":{"line":67,"column":null}},"line":64},"4":{"name":"(anonymous_4)","decl":{"start":{"line":80,"column":21},"end":{"line":80,"column":22}},"loc":{"start":{"line":81,"column":12},"end":{"line":86,"column":null}},"line":81}},"branchMap":{"0":{"loc":{"start":{"line":27,"column":6},"end":{"line":31,"column":null}},"type":"if","locations":[{"start":{"line":27,"column":6},"end":{"line":31,"column":null}},{"start":{},"end":{}}],"line":27},"1":{"loc":{"start":{"line":48,"column":8},"end":{"line":54,"column":null}},"type":"if","locations":[{"start":{"line":48,"column":8},"end":{"line":54,"column":null}},{"start":{"line":52,"column":15},"end":{"line":54,"column":null}}],"line":48},"2":{"loc":{"start":{"line":48,"column":12},"end":{"line":48,"column":69}},"type":"binary-expr","locations":[{"start":{"line":48,"column":12},"end":{"line":48,"column":39}},{"start":{"line":48,"column":39},"end":{"line":48,"column":69}}],"line":48},"3":{"loc":{"start":{"line":70,"column":2},"end":{"line":70,"column":null}},"type":"if","locations":[{"start":{"line":70,"column":2},"end":{"line":70,"column":null}},{"start":{},"end":{}}],"line":70},"4":{"loc":{"start":{"line":71,"column":2},"end":{"line":71,"column":null}},"type":"if","locations":[{"start":{"line":71,"column":2},"end":{"line":71,"column":null}},{"start":{},"end":{}}],"line":71},"5":{"loc":{"start":{"line":78,"column":7},"end":{"line":90,"column":null}},"type":"cond-expr","locations":[{"start":{"line":79,"column":8},"end":{"line":88,"column":null}},{"start":{"line":90,"column":8},"end":{"line":90,"column":null}}],"line":78}},"s":{"0":11,"1":11,"2":11,"3":11,"4":11,"5":6,"6":6,"7":6,"8":6,"9":6,"10":1,"11":1,"12":1,"13":5,"14":5,"15":5,"16":5,"17":3,"18":3,"19":2,"20":2,"21":1,"22":1,"23":1,"24":1,"25":5,"26":5,"27":6,"28":11,"29":1,"30":1,"31":11,"32":6,"33":5,"34":5,"35":3,"36":2},"f":{"0":11,"1":6,"2":6,"3":1,"4":2},"b":{"0":[1,5],"1":[1,1],"2":[2,2],"3":[6,5],"4":[2,3],"5":[1,2]},"meta":{"lastBranch":6,"lastFunction":5,"lastStatement":37,"seen":{"f:13:24:13:40":0,"s:14:8:14:Infinity":0,"s:15:24:15:Infinity":1,"s:16:28:16:Infinity":2,"s:17:24:17:Infinity":3,"s:19:2:62:Infinity":4,"f:19:12:19:18":1,"s:20:23:59:Infinity":5,"f:20:23:20:35":2,"s:21:6:21:Infinity":6,"s:23:20:23:Infinity":7,"s:24:6:24:Infinity":8,"b:27:6:31:Infinity:undefined:undefined:undefined:undefined":0,"s:27:6:31:Infinity":9,"s:28:8:28:Infinity":10,"s:29:8:29:Infinity":11,"s:30:8:30:Infinity":12,"s:33:6:58:Infinity":13,"s:34:8:34:Infinity":14,"s:35:8:35:Infinity":15,"s:37:25:41:Infinity":16,"s:43:8:43:Infinity":17,"s:44:8:44:Infinity":18,"s:46:8:46:Infinity":19,"b:48:8:54:Infinity:52:15:54:Infinity":1,"s:48:8:54:Infinity":20,"b:48:12:48:39:48:39:48:69":2,"s:49:10:49:Infinity":21,"s:50:10:50:Infinity":22,"s:51:10:51:Infinity":23,"s:53:10:53:Infinity":24,"s:56:8:56:Infinity":25,"s:57:8:57:Infinity":26,"s:61:4:61:Infinity":27,"s:64:23:67:Infinity":28,"f:64:23:64:29":3,"s:65:4:65:Infinity":29,"s:66:4:66:Infinity":30,"b:70:2:70:Infinity:undefined:undefined:undefined:undefined":3,"s:70:2:70:Infinity":31,"s:70:15:70:Infinity":32,"b:71:2:71:Infinity:undefined:undefined:undefined:undefined":4,"s:71:2:71:Infinity":33,"s:71:13:71:Infinity":34,"s:73:2:96:Infinity":35,"b:79:8:88:Infinity:90:8:90:Infinity":5,"f:80:21:80:22":4,"s:81:12:86:Infinity":36}}}
,"C:\\Users\\ahouc\\Desktop\\linkhub-project\\linkhub-app\\src\\pages\\LoginPage.tsx": {"path":"C:\\Users\\ahouc\\Desktop\\linkhub-project\\linkhub-app\\src\\pages\\LoginPage.tsx","statementMap":{"0":{"start":{"line":20,"column":8},"end":{"line":20,"column":null}},"1":{"start":{"line":21,"column":24},"end":{"line":21,"column":null}},"2":{"start":{"line":22,"column":30},"end":{"line":22,"column":null}},"3":{"start":{"line":23,"column":24},"end":{"line":23,"column":null}},"4":{"start":{"line":24,"column":28},"end":{"line":24,"column":null}},"5":{"start":{"line":26,"column":23},"end":{"line":58,"column":null}},"6":{"start":{"line":27,"column":4},"end":{"line":27,"column":null}},"7":{"start":{"line":28,"column":4},"end":{"line":28,"column":null}},"8":{"start":{"line":29,"column":4},"end":{"line":29,"column":null}},"9":{"start":{"line":31,"column":4},"end":{"line":57,"column":null}},"10":{"start":{"line":33,"column":23},"end":{"line":36,"column":null}},"11":{"start":{"line":39,"column":20},"end":{"line":39,"column":null}},"12":{"start":{"line":40,"column":6},"end":{"line":40,"column":null}},"13":{"start":{"line":43,"column":6},"end":{"line":43,"column":null}},"14":{"start":{"line":44,"column":6},"end":{"line":44,"column":null}},"15":{"start":{"line":47,"column":6},"end":{"line":54,"column":null}},"16":{"start":{"line":49,"column":26},"end":{"line":49,"column":null}},"17":{"start":{"line":50,"column":8},"end":{"line":50,"column":null}},"18":{"start":{"line":53,"column":8},"end":{"line":53,"column":null}},"19":{"start":{"line":56,"column":6},"end":{"line":56,"column":null}},"20":{"start":{"line":60,"column":2},"end":{"line":93,"column":null}},"21":{"start":{"line":71,"column":29},"end":{"line":71,"column":null}},"22":{"start":{"line":82,"column":29},"end":{"line":82,"column":null}}},"fnMap":{"0":{"name":"LoginPage","decl":{"start":{"line":19,"column":16},"end":{"line":19,"column":28}},"loc":{"start":{"line":19,"column":28},"end":{"line":95,"column":null}},"line":19},"1":{"name":"(anonymous_1)","decl":{"start":{"line":26,"column":23},"end":{"line":26,"column":30}},"loc":{"start":{"line":26,"column":70},"end":{"line":58,"column":null}},"line":26},"2":{"name":"(anonymous_2)","decl":{"start":{"line":71,"column":22},"end":{"line":71,"column":23}},"loc":{"start":{"line":71,"column":29},"end":{"line":71,"column":null}},"line":71},"3":{"name":"(anonymous_3)","decl":{"start":{"line":82,"column":22},"end":{"line":82,"column":23}},"loc":{"start":{"line":82,"column":29},"end":{"line":82,"column":null}},"line":82}},"branchMap":{"0":{"loc":{"start":{"line":47,"column":6},"end":{"line":54,"column":null}},"type":"if","locations":[{"start":{"line":47,"column":6},"end":{"line":54,"column":null}},{"start":{"line":51,"column":13},"end":{"line":54,"column":null}}],"line":47},"1":{"loc":{"start":{"line":47,"column":10},"end":{"line":47,"column":51}},"type":"binary-expr","locations":[{"start":{"line":47,"column":10},"end":{"line":47,"column":37}},{"start":{"line":47,"column":37},"end":{"line":47,"column":51}}],"line":47},"2":{"loc":{"start":{"line":50,"column":17},"end":{"line":50,"column":72}},"type":"binary-expr","locations":[{"start":{"line":50,"column":17},"end":{"line":50,"column":38}},{"start":{"line":50,"column":38},"end":{"line":50,"column":72}}],"line":50},"3":{"loc":{"start":{"line":87,"column":9},"end":{"line":87,"column":null}},"type":"binary-expr","locations":[{"start":{"line":87,"column":9},"end":{"line":87,"column":18}},{"start":{"line":87,"column":18},"end":{"line":87,"column":null}}],"line":87},"4":{"loc":{"start":{"line":90,"column":11},"end":{"line":90,"column":47}},"type":"cond-expr","locations":[{"start":{"line":90,"column":21},"end":{"line":90,"column":39}},{"start":{"line":90,"column":39},"end":{"line":90,"column":47}}],"line":90}},"s":{"0":118,"1":118,"2":118,"3":118,"4":118,"5":118,"6":4,"7":4,"8":4,"9":4,"10":4,"11":1,"12":1,"13":1,"14":1,"15":3,"16":2,"17":2,"18":1,"19":4,"20":118,"21":59,"22":46},"f":{"0":118,"1":4,"2":59,"3":46},"b":{"0":[2,1],"1":[3,2],"2":[2,1],"3":[118,3],"4":[4,114]},"meta":{"lastBranch":5,"lastFunction":4,"lastStatement":23,"seen":{"f:19:16:19:28":0,"s:20:8:20:Infinity":0,"s:21:24:21:Infinity":1,"s:22:30:22:Infinity":2,"s:23:24:23:Infinity":3,"s:24:28:24:Infinity":4,"s:26:23:58:Infinity":5,"f:26:23:26:30":1,"s:27:4:27:Infinity":6,"s:28:4:28:Infinity":7,"s:29:4:29:Infinity":8,"s:31:4:57:Infinity":9,"s:33:23:36:Infinity":10,"s:39:20:39:Infinity":11,"s:40:6:40:Infinity":12,"s:43:6:43:Infinity":13,"s:44:6:44:Infinity":14,"b:47:6:54:Infinity:51:13:54:Infinity":0,"s:47:6:54:Infinity":15,"b:47:10:47:37:47:37:47:51":1,"s:49:26:49:Infinity":16,"s:50:8:50:Infinity":17,"b:50:17:50:38:50:38:50:72":2,"s:53:8:53:Infinity":18,"s:56:6:56:Infinity":19,"s:60:2:93:Infinity":20,"f:71:22:71:23":2,"s:71:29:71:Infinity":21,"f:82:22:82:23":3,"s:82:29:82:Infinity":22,"b:87:9:87:18:87:18:87:Infinity":3,"b:90:21:90:39:90:39:90:47":4}}}
,"C:\\Users\\ahouc\\Desktop\\linkhub-project\\linkhub-app\\src\\pages\\RegisterPage.tsx": {"path":"C:\\Users\\ahouc\\Desktop\\linkhub-project\\linkhub-app\\src\\pages\\RegisterPage.tsx","statementMap":{"0":{"start":{"line":15,"column":8},"end":{"line":15,"column":null}},"1":{"start":{"line":16,"column":24},"end":{"line":16,"column":null}},"2":{"start":{"line":17,"column":30},"end":{"line":17,"column":null}},"3":{"start":{"line":18,"column":30},"end":{"line":18,"column":null}},"4":{"start":{"line":19,"column":24},"end":{"line":19,"column":null}},"5":{"start":{"line":20,"column":28},"end":{"line":20,"column":null}},"6":{"start":{"line":22,"column":23},"end":{"line":48,"column":null}},"7":{"start":{"line":23,"column":4},"end":{"line":23,"column":null}},"8":{"start":{"line":24,"column":4},"end":{"line":24,"column":null}},"9":{"start":{"line":25,"column":4},"end":{"line":25,"column":null}},"10":{"start":{"line":27,"column":4},"end":{"line":47,"column":null}},"11":{"start":{"line":29,"column":23},"end":{"line":32,"column":null}},"12":{"start":{"line":35,"column":6},"end":{"line":35,"column":null}},"13":{"start":{"line":36,"column":6},"end":{"line":36,"column":null}},"14":{"start":{"line":39,"column":6},"end":{"line":44,"column":null}},"15":{"start":{"line":40,"column":26},"end":{"line":40,"column":null}},"16":{"start":{"line":41,"column":8},"end":{"line":41,"column":null}},"17":{"start":{"line":43,"column":8},"end":{"line":43,"column":null}},"18":{"start":{"line":46,"column":6},"end":{"line":46,"column":null}},"19":{"start":{"line":50,"column":2},"end":{"line":77,"column":null}},"20":{"start":{"line":57,"column":72},"end":{"line":57,"column":98}},"21":{"start":{"line":61,"column":77},"end":{"line":61,"column":106}},"22":{"start":{"line":65,"column":81},"end":{"line":65,"column":110}}},"fnMap":{"0":{"name":"RegisterPage","decl":{"start":{"line":14,"column":16},"end":{"line":14,"column":31}},"loc":{"start":{"line":14,"column":31},"end":{"line":79,"column":null}},"line":14},"1":{"name":"(anonymous_1)","decl":{"start":{"line":22,"column":23},"end":{"line":22,"column":30}},"loc":{"start":{"line":22,"column":70},"end":{"line":48,"column":null}},"line":22},"2":{"name":"(anonymous_2)","decl":{"start":{"line":57,"column":65},"end":{"line":57,"column":66}},"loc":{"start":{"line":57,"column":72},"end":{"line":57,"column":98}},"line":57},"3":{"name":"(anonymous_3)","decl":{"start":{"line":61,"column":70},"end":{"line":61,"column":71}},"loc":{"start":{"line":61,"column":77},"end":{"line":61,"column":106}},"line":61},"4":{"name":"(anonymous_4)","decl":{"start":{"line":65,"column":74},"end":{"line":65,"column":75}},"loc":{"start":{"line":65,"column":81},"end":{"line":65,"column":110}},"line":65}},"branchMap":{"0":{"loc":{"start":{"line":39,"column":6},"end":{"line":44,"column":null}},"type":"if","locations":[{"start":{"line":39,"column":6},"end":{"line":44,"column":null}},{"start":{"line":42,"column":13},"end":{"line":44,"column":null}}],"line":39},"1":{"loc":{"start":{"line":39,"column":10},"end":{"line":39,"column":51}},"type":"binary-expr","locations":[{"start":{"line":39,"column":10},"end":{"line":39,"column":37}},{"start":{"line":39,"column":37},"end":{"line":39,"column":51}}],"line":39},"2":{"loc":{"start":{"line":41,"column":17},"end":{"line":41,"column":60}},"type":"binary-expr","locations":[{"start":{"line":41,"column":17},"end":{"line":41,"column":38}},{"start":{"line":41,"column":38},"end":{"line":41,"column":60}}],"line":41},"3":{"loc":{"start":{"line":68,"column":9},"end":{"line":68,"column":null}},"type":"binary-expr","locations":[{"start":{"line":68,"column":9},"end":{"line":68,"column":18}},{"start":{"line":68,"column":18},"end":{"line":68,"column":null}}],"line":68},"4":{"loc":{"start":{"line":71,"column":11},"end":{"line":71,"column":null}},"type":"cond-expr","locations":[{"start":{"line":71,"column":21},"end":{"line":71,"column":40}},{"start":{"line":71,"column":40},"end":{"line":71,"column":null}}],"line":71}},"s":{"0":155,"1":155,"2":155,"3":155,"4":155,"5":155,"6":155,"7":4,"8":4,"9":4,"10":4,"11":4,"12":1,"13":1,"14":3,"15":2,"16":2,"17":1,"18":4,"19":155,"20":62,"21":36,"22":44},"f":{"0":155,"1":4,"2":62,"3":36,"4":44},"b":{"0":[2,1],"1":[3,2],"2":[2,1],"3":[155,3],"4":[4,151]},"meta":{"lastBranch":5,"lastFunction":5,"lastStatement":23,"seen":{"f:14:16:14:31":0,"s:15:8:15:Infinity":0,"s:16:24:16:Infinity":1,"s:17:30:17:Infinity":2,"s:18:30:18:Infinity":3,"s:19:24:19:Infinity":4,"s:20:28:20:Infinity":5,"s:22:23:48:Infinity":6,"f:22:23:22:30":1,"s:23:4:23:Infinity":7,"s:24:4:24:Infinity":8,"s:25:4:25:Infinity":9,"s:27:4:47:Infinity":10,"s:29:23:32:Infinity":11,"s:35:6:35:Infinity":12,"s:36:6:36:Infinity":13,"b:39:6:44:Infinity:42:13:44:Infinity":0,"s:39:6:44:Infinity":14,"b:39:10:39:37:39:37:39:51":1,"s:40:26:40:Infinity":15,"s:41:8:41:Infinity":16,"b:41:17:41:38:41:38:41:60":2,"s:43:8:43:Infinity":17,"s:46:6:46:Infinity":18,"s:50:2:77:Infinity":19,"f:57:65:57:66":2,"s:57:72:57:98":20,"f:61:70:61:71":3,"s:61:77:61:106":21,"f:65:74:65:75":4,"s:65:81:65:110":22,"b:68:9:68:18:68:18:68:Infinity":3,"b:71:21:71:40:71:40:71:Infinity":4}}}
,"C:\\Users\\ahouc\\Desktop\\linkhub-project\\linkhub-app\\src\\utils\\auth.ts": {"path":"C:\\Users\\ahouc\\Desktop\\linkhub-project\\linkhub-app\\src\\utils\\auth.ts","statementMap":{"0":{"start":{"line":2,"column":2},"end":{"line":2,"column":null}},"1":{"start":{"line":2,"column":14},"end":{"line":2,"column":null}},"2":{"start":{"line":3,"column":2},"end":{"line":3,"column":null}}},"fnMap":{"0":{"name":"validateToken","decl":{"start":{"line":1,"column":16},"end":{"line":1,"column":30}},"loc":{"start":{"line":1,"column":52},"end":{"line":4,"column":null}},"line":1}},"branchMap":{"0":{"loc":{"start":{"line":2,"column":2},"end":{"line":2,"column":null}},"type":"if","locations":[{"start":{"line":2,"column":2},"end":{"line":2,"column":null}},{"start":{},"end":{}}],"line":2}},"s":{"0":5,"1":1,"2":4},"f":{"0":5},"b":{"0":[1,4]},"meta":{"lastBranch":1,"lastFunction":1,"lastStatement":3,"seen":{"f:1:16:1:30":0,"b:2:2:2:Infinity:undefined:undefined:undefined:undefined":0,"s:2:2:2:Infinity":0,"s:2:14:2:Infinity":1,"s:3:2:3:Infinity":2}}}
}
